[0m16:02:45.331567 [debug] [MainThread]: Sending event: {'category': 'dbt', 'action': 'invocation', 'label': 'start', 'context': [<snowplow_tracker.self_describing_json.SelfDescribingJson object at 0x0000022A59CB4EC0>, <snowplow_tracker.self_describing_json.SelfDescribingJson object at 0x0000022A56C102D0>, <snowplow_tracker.self_describing_json.SelfDescribingJson object at 0x0000022A56A99A90>]}


============================== 16:02:45.344394 | b48bcf48-d23b-44f0-8a74-6562e954257e ==============================
[0m16:02:45.344394 [info ] [MainThread]: Running with dbt=1.9.4
[0m16:02:45.345120 [debug] [MainThread]: running dbt with arguments {'printer_width': '80', 'indirect_selection': 'eager', 'log_cache_events': 'False', 'write_json': 'True', 'partial_parse': 'True', 'cache_selected_only': 'False', 'warn_error': 'None', 'debug': 'False', 'version_check': 'True', 'log_path': 'logs', 'profiles_dir': 'C:\\Users\\tobia\\.dbt', 'fail_fast': 'False', 'use_colors': 'True', 'use_experimental_parser': 'False', 'no_print': 'None', 'quiet': 'False', 'empty': 'None', 'log_format': 'default', 'introspect': 'True', 'invocation_command': 'dbt init hr_project', 'warn_error_options': 'WarnErrorOptions(include=[], exclude=[])', 'target_path': 'None', 'static_parser': 'True', 'send_anonymous_usage_stats': 'True'}
[0m16:02:45.539824 [warn ] [MainThread]: [ConfigFolderDirectory]: Unable to parse logging event dictionary. Failed to parse dir field: expected string or bytes-like object, got 'WindowsPath'.. Dictionary: {'dir': WindowsPath('C:/Users/tobia/.dbt')}
[0m16:02:45.540352 [info ] [MainThread]: Creating dbt configuration folder at 
[0m16:02:45.551254 [debug] [MainThread]: Starter project path: C:\Code\HR_Project_Task2\.venv\Lib\site-packages\dbt\include\starter_project
[0m16:02:45.599241 [info ] [MainThread]: 
Your new dbt project "hr_project" was created!

For more information on how to configure the profiles.yml file,
please consult the dbt documentation here:

  https://docs.getdbt.com/docs/configure-your-profile

One more thing:

Need help? Don't hesitate to reach out to us via GitHub issues or on Slack:

  https://community.getdbt.com/

Happy modeling!

[0m16:02:45.600130 [info ] [MainThread]: Setting up your profile.
[0m16:03:44.763894 [info ] [MainThread]: Profile hr_project written to C:\Users\tobia\.dbt\profiles.yml using target's sample configuration. Once updated, you'll be able to start developing with dbt.
[0m16:03:44.765582 [debug] [MainThread]: Command `dbt init` succeeded at 16:03:44.765433 after 59.59 seconds
[0m16:03:44.765901 [debug] [MainThread]: Sending event: {'category': 'dbt', 'action': 'invocation', 'label': 'end', 'context': [<snowplow_tracker.self_describing_json.SelfDescribingJson object at 0x0000022A5B9DAFD0>, <snowplow_tracker.self_describing_json.SelfDescribingJson object at 0x0000022A5BB01910>, <snowplow_tracker.self_describing_json.SelfDescribingJson object at 0x0000022A59BB47C0>]}
[0m16:03:44.766245 [debug] [MainThread]: Flushing usage events
[0m16:03:45.225389 [debug] [MainThread]: An error was encountered while trying to flush usage events
[0m16:48:33.244978 [debug] [MainThread]: Sending event: {'category': 'dbt', 'action': 'invocation', 'label': 'start', 'context': [<snowplow_tracker.self_describing_json.SelfDescribingJson object at 0x0000016418F04EC0>, <snowplow_tracker.self_describing_json.SelfDescribingJson object at 0x0000016415EC02D0>, <snowplow_tracker.self_describing_json.SelfDescribingJson object at 0x0000016415D49A90>]}


============================== 16:48:33.250845 | 72aed441-eed9-446c-91c6-463d691ee697 ==============================
[0m16:48:33.250845 [info ] [MainThread]: Running with dbt=1.9.4
[0m16:48:33.251578 [debug] [MainThread]: running dbt with arguments {'printer_width': '80', 'indirect_selection': 'eager', 'write_json': 'True', 'log_cache_events': 'False', 'partial_parse': 'True', 'cache_selected_only': 'False', 'profiles_dir': 'C:\\Users\\tobia\\.dbt', 'debug': 'False', 'warn_error': 'None', 'log_path': 'logs', 'fail_fast': 'False', 'version_check': 'True', 'use_colors': 'True', 'use_experimental_parser': 'False', 'empty': 'None', 'quiet': 'False', 'no_print': 'None', 'warn_error_options': 'WarnErrorOptions(include=[], exclude=[])', 'static_parser': 'True', 'introspect': 'True', 'invocation_command': 'dbt debug', 'target_path': 'None', 'log_format': 'default', 'send_anonymous_usage_stats': 'True'}
[0m16:48:33.303978 [info ] [MainThread]: dbt version: 1.9.4
[0m16:48:33.304529 [info ] [MainThread]: python version: 3.13.3
[0m16:48:33.304866 [info ] [MainThread]: python path: C:\Code\HR_Project_Task2\.venv\Scripts\python.exe
[0m16:48:33.305189 [info ] [MainThread]: os info: Windows-11-10.0.26100-SP0
[0m16:48:33.432923 [info ] [MainThread]: Using profiles dir at C:\Users\tobia\.dbt
[0m16:48:33.433828 [info ] [MainThread]: Using profiles.yml file at C:\Users\tobia\.dbt\profiles.yml
[0m16:48:33.434382 [info ] [MainThread]: Using dbt_project.yml file at C:\Code\HR_Project_Task2\dbt_project.yml
[0m16:48:33.449561 [info ] [MainThread]: adapter type: duckdb
[0m16:48:33.450294 [info ] [MainThread]: adapter version: 1.9.3
[0m16:48:33.450904 [info ] [MainThread]: Configuration:
[0m16:48:33.451706 [info ] [MainThread]:   profiles.yml file [[32mOK found and valid[0m]
[0m16:48:33.452635 [info ] [MainThread]:   dbt_project.yml file [[31mERROR not found[0m]
[0m16:48:33.453282 [info ] [MainThread]: Required dependencies:
[0m16:48:33.454067 [debug] [MainThread]: Executing "git --help"
[0m16:48:33.510868 [debug] [MainThread]: STDOUT: "b"usage: git [-v | --version] [-h | --help] [-C <path>] [-c <name>=<value>]\n           [--exec-path[=<path>]] [--html-path] [--man-path] [--info-path]\n           [-p | --paginate | -P | --no-pager] [--no-replace-objects] [--no-lazy-fetch]\n           [--no-optional-locks] [--no-advice] [--bare] [--git-dir=<path>]\n           [--work-tree=<path>] [--namespace=<name>] [--config-env=<name>=<envvar>]\n           <command> [<args>]\n\nThese are common Git commands used in various situations:\n\nstart a working area (see also: git help tutorial)\n   clone     Clone a repository into a new directory\n   init      Create an empty Git repository or reinitialize an existing one\n\nwork on the current change (see also: git help everyday)\n   add       Add file contents to the index\n   mv        Move or rename a file, a directory, or a symlink\n   restore   Restore working tree files\n   rm        Remove files from the working tree and from the index\n\nexamine the history and state (see also: git help revisions)\n   bisect    Use binary search to find the commit that introduced a bug\n   diff      Show changes between commits, commit and working tree, etc\n   grep      Print lines matching a pattern\n   log       Show commit logs\n   show      Show various types of objects\n   status    Show the working tree status\n\ngrow, mark and tweak your common history\n   branch    List, create, or delete branches\n   commit    Record changes to the repository\n   merge     Join two or more development histories together\n   rebase    Reapply commits on top of another base tip\n   reset     Reset current HEAD to the specified state\n   switch    Switch branches\n   tag       Create, list, delete or verify a tag object signed with GPG\n\ncollaborate (see also: git help workflows)\n   fetch     Download objects and refs from another repository\n   pull      Fetch from and integrate with another repository or a local branch\n   push      Update remote refs along with associated objects\n\n'git help -a' and 'git help -g' list available subcommands and some\nconcept guides. See 'git help <command>' or 'git help <concept>'\nto read about a specific subcommand or concept.\nSee 'git help git' for an overview of the system.\n""
[0m16:48:33.511387 [debug] [MainThread]: STDERR: "b''"
[0m16:48:33.511844 [info ] [MainThread]:  - git [[32mOK found[0m]

[0m16:48:33.512261 [info ] [MainThread]: Connection:
[0m16:48:33.512662 [info ] [MainThread]:   database: job_ads_pipeline
[0m16:48:33.513038 [info ] [MainThread]:   schema: main
[0m16:48:33.513394 [info ] [MainThread]:   path: C:/Code/HR_Project_Task2/job_ads_pipeline.duckdb
[0m16:48:33.513695 [info ] [MainThread]:   config_options: None
[0m16:48:33.513963 [info ] [MainThread]:   extensions: None
[0m16:48:33.514370 [info ] [MainThread]:   settings: {}
[0m16:48:33.514801 [info ] [MainThread]:   external_root: .
[0m16:48:33.515329 [info ] [MainThread]:   use_credential_provider: None
[0m16:48:33.515758 [info ] [MainThread]:   attach: None
[0m16:48:33.516207 [info ] [MainThread]:   filesystems: None
[0m16:48:33.516682 [info ] [MainThread]:   remote: None
[0m16:48:33.517601 [info ] [MainThread]:   plugins: None
[0m16:48:33.518362 [info ] [MainThread]:   disable_transactions: False
[0m16:48:33.519227 [info ] [MainThread]: Registered adapter: duckdb=1.9.3
[0m16:48:33.939986 [debug] [MainThread]: Acquiring new duckdb connection 'debug'
[0m16:48:36.239109 [debug] [MainThread]: Using duckdb connection "debug"
[0m16:48:36.239475 [debug] [MainThread]: On debug: select 1 as id
[0m16:48:36.239704 [debug] [MainThread]: Opening a new connection, currently in state init
[0m16:48:36.362395 [debug] [MainThread]: SQL status: OK in 0.123 seconds
[0m16:48:36.363517 [debug] [MainThread]: On debug: Close
[0m16:48:36.364085 [info ] [MainThread]:   Connection test: [[32mOK connection ok[0m]

[0m16:48:36.364593 [info ] [MainThread]: [31m1 check failed:[0m
[0m16:48:36.365123 [info ] [MainThread]: Project loading failed for the following reason:
 project path <C:\Code\HR_Project_Task2\dbt_project.yml> not found

[0m16:48:36.366371 [debug] [MainThread]: Command `dbt debug` failed at 16:48:36.366271 after 3.35 seconds
[0m16:48:36.366641 [debug] [MainThread]: Connection 'debug' was properly closed.
[0m16:48:36.366898 [debug] [MainThread]: Sending event: {'category': 'dbt', 'action': 'invocation', 'label': 'end', 'context': [<snowplow_tracker.self_describing_json.SelfDescribingJson object at 0x000001641B1C8640>, <snowplow_tracker.self_describing_json.SelfDescribingJson object at 0x0000016419E2E0F0>, <snowplow_tracker.self_describing_json.SelfDescribingJson object at 0x0000016419DC1480>]}
[0m16:48:36.367209 [debug] [MainThread]: Flushing usage events
[0m16:48:36.847473 [debug] [MainThread]: An error was encountered while trying to flush usage events
[0m16:55:53.437696 [debug] [MainThread]: Sending event: {'category': 'dbt', 'action': 'invocation', 'label': 'start', 'context': [<snowplow_tracker.self_describing_json.SelfDescribingJson object at 0x00000163BE444EC0>, <snowplow_tracker.self_describing_json.SelfDescribingJson object at 0x00000163BD4002D0>, <snowplow_tracker.self_describing_json.SelfDescribingJson object at 0x00000163BD289A90>]}


============================== 16:55:53.443711 | 4ad35988-e01b-4237-802f-ad7e20115974 ==============================
[0m16:55:53.443711 [info ] [MainThread]: Running with dbt=1.9.4
[0m16:55:53.444276 [debug] [MainThread]: running dbt with arguments {'printer_width': '80', 'indirect_selection': 'eager', 'write_json': 'True', 'log_cache_events': 'False', 'partial_parse': 'True', 'cache_selected_only': 'False', 'profiles_dir': 'C:\\Users\\tobia\\.dbt', 'version_check': 'True', 'debug': 'False', 'log_path': 'C:\\Code\\HR_Project_Task2\\logs', 'warn_error': 'None', 'fail_fast': 'False', 'use_colors': 'True', 'use_experimental_parser': 'False', 'empty': 'None', 'quiet': 'False', 'no_print': 'None', 'log_format': 'default', 'invocation_command': 'dbt debug', 'introspect': 'True', 'warn_error_options': 'WarnErrorOptions(include=[], exclude=[])', 'target_path': 'None', 'static_parser': 'True', 'send_anonymous_usage_stats': 'True'}
[0m16:55:53.470931 [info ] [MainThread]: dbt version: 1.9.4
[0m16:55:53.471387 [info ] [MainThread]: python version: 3.13.3
[0m16:55:53.471736 [info ] [MainThread]: python path: C:\Code\HR_Project_Task2\.venv\Scripts\python.exe
[0m16:55:53.472073 [info ] [MainThread]: os info: Windows-11-10.0.26100-SP0
[0m16:55:53.594796 [info ] [MainThread]: Using profiles dir at C:\Users\tobia\.dbt
[0m16:55:53.595731 [info ] [MainThread]: Using profiles.yml file at C:\Users\tobia\.dbt\profiles.yml
[0m16:55:53.596207 [info ] [MainThread]: Using dbt_project.yml file at C:\Code\HR_Project_Task2\dbt_project.yml
[0m16:55:53.600246 [info ] [MainThread]: adapter type: duckdb
[0m16:55:53.600772 [info ] [MainThread]: adapter version: 1.9.3
[0m16:55:53.710149 [info ] [MainThread]: Configuration:
[0m16:55:53.711028 [info ] [MainThread]:   profiles.yml file [[32mOK found and valid[0m]
[0m16:55:53.711566 [info ] [MainThread]:   dbt_project.yml file [[32mOK found and valid[0m]
[0m16:55:53.712043 [info ] [MainThread]: Required dependencies:
[0m16:55:53.712373 [debug] [MainThread]: Executing "git --help"
[0m16:55:53.758896 [debug] [MainThread]: STDOUT: "b"usage: git [-v | --version] [-h | --help] [-C <path>] [-c <name>=<value>]\n           [--exec-path[=<path>]] [--html-path] [--man-path] [--info-path]\n           [-p | --paginate | -P | --no-pager] [--no-replace-objects] [--no-lazy-fetch]\n           [--no-optional-locks] [--no-advice] [--bare] [--git-dir=<path>]\n           [--work-tree=<path>] [--namespace=<name>] [--config-env=<name>=<envvar>]\n           <command> [<args>]\n\nThese are common Git commands used in various situations:\n\nstart a working area (see also: git help tutorial)\n   clone     Clone a repository into a new directory\n   init      Create an empty Git repository or reinitialize an existing one\n\nwork on the current change (see also: git help everyday)\n   add       Add file contents to the index\n   mv        Move or rename a file, a directory, or a symlink\n   restore   Restore working tree files\n   rm        Remove files from the working tree and from the index\n\nexamine the history and state (see also: git help revisions)\n   bisect    Use binary search to find the commit that introduced a bug\n   diff      Show changes between commits, commit and working tree, etc\n   grep      Print lines matching a pattern\n   log       Show commit logs\n   show      Show various types of objects\n   status    Show the working tree status\n\ngrow, mark and tweak your common history\n   branch    List, create, or delete branches\n   commit    Record changes to the repository\n   merge     Join two or more development histories together\n   rebase    Reapply commits on top of another base tip\n   reset     Reset current HEAD to the specified state\n   switch    Switch branches\n   tag       Create, list, delete or verify a tag object signed with GPG\n\ncollaborate (see also: git help workflows)\n   fetch     Download objects and refs from another repository\n   pull      Fetch from and integrate with another repository or a local branch\n   push      Update remote refs along with associated objects\n\n'git help -a' and 'git help -g' list available subcommands and some\nconcept guides. See 'git help <command>' or 'git help <concept>'\nto read about a specific subcommand or concept.\nSee 'git help git' for an overview of the system.\n""
[0m16:55:53.759597 [debug] [MainThread]: STDERR: "b''"
[0m16:55:53.760253 [info ] [MainThread]:  - git [[32mOK found[0m]

[0m16:55:53.761219 [info ] [MainThread]: Connection:
[0m16:55:53.763344 [info ] [MainThread]:   database: job_ads_pipeline
[0m16:55:53.764445 [info ] [MainThread]:   schema: main
[0m16:55:53.764873 [info ] [MainThread]:   path: C:/Code/HR_Project_Task2/job_ads_pipeline.duckdb
[0m16:55:53.765255 [info ] [MainThread]:   config_options: None
[0m16:55:53.765640 [info ] [MainThread]:   extensions: None
[0m16:55:53.766152 [info ] [MainThread]:   settings: {}
[0m16:55:53.766645 [info ] [MainThread]:   external_root: .
[0m16:55:53.767014 [info ] [MainThread]:   use_credential_provider: None
[0m16:55:53.767329 [info ] [MainThread]:   attach: None
[0m16:55:53.767683 [info ] [MainThread]:   filesystems: None
[0m16:55:53.767973 [info ] [MainThread]:   remote: None
[0m16:55:53.768296 [info ] [MainThread]:   plugins: None
[0m16:55:53.768643 [info ] [MainThread]:   disable_transactions: False
[0m16:55:53.769221 [info ] [MainThread]: Registered adapter: duckdb=1.9.3
[0m16:55:54.131617 [debug] [MainThread]: Acquiring new duckdb connection 'debug'
[0m16:55:54.228201 [debug] [MainThread]: Using duckdb connection "debug"
[0m16:55:54.228558 [debug] [MainThread]: On debug: select 1 as id
[0m16:55:54.228786 [debug] [MainThread]: Opening a new connection, currently in state init
[0m16:55:54.343013 [debug] [MainThread]: SQL status: OK in 0.114 seconds
[0m16:55:54.344129 [debug] [MainThread]: On debug: Close
[0m16:55:54.344770 [info ] [MainThread]:   Connection test: [[32mOK connection ok[0m]

[0m16:55:54.345350 [info ] [MainThread]: [32mAll checks passed![0m
[0m16:55:54.346776 [debug] [MainThread]: Command `dbt debug` succeeded at 16:55:54.346645 after 1.13 seconds
[0m16:55:54.347040 [debug] [MainThread]: Connection 'debug' was properly closed.
[0m16:55:54.347310 [debug] [MainThread]: Sending event: {'category': 'dbt', 'action': 'invocation', 'label': 'end', 'context': [<snowplow_tracker.self_describing_json.SelfDescribingJson object at 0x00000163C07E8180>, <snowplow_tracker.self_describing_json.SelfDescribingJson object at 0x00000163C08BC4D0>, <snowplow_tracker.self_describing_json.SelfDescribingJson object at 0x00000163BDE03240>]}
[0m16:55:54.347624 [debug] [MainThread]: Flushing usage events
[0m16:55:54.798535 [debug] [MainThread]: An error was encountered while trying to flush usage events
